2024-01-26 05:06:02.185 [info] Extension host with pid 3477 started
2024-01-26 05:06:02.198 [error] Error: EEXIST: file already exists, open '/home/ec2-user/.vscode-server/data/User/workspaceStorage/bc005512a4f577afe96fb1363add362f/vscode.lock'
2024-01-26 05:06:02.204 [info] Lock '/home/ec2-user/.vscode-server/data/User/workspaceStorage/bc005512a4f577afe96fb1363add362f/vscode.lock': Could not acquire lock, checking if the file is stale.
2024-01-26 05:06:02.210 [info] Lock '/home/ec2-user/.vscode-server/data/User/workspaceStorage/bc005512a4f577afe96fb1363add362f/vscode.lock': The pid 4610 appears to be gone.
2024-01-26 05:06:02.210 [info] Lock '/home/ec2-user/.vscode-server/data/User/workspaceStorage/bc005512a4f577afe96fb1363add362f/vscode.lock': Deleting a stale lock.
2024-01-26 05:06:02.221 [info] Lock '/home/ec2-user/.vscode-server/data/User/workspaceStorage/bc005512a4f577afe96fb1363add362f/vscode.lock': Lock acquired.
2024-01-26 05:06:02.269 [info] ExtensionService#_doActivateExtension vscode.emmet, startup: false, activationEvent: 'onLanguage'
2024-01-26 05:06:02.363 [info] ExtensionService#_doActivateExtension vscode.git-base, startup: true, activationEvent: '*', root cause: vscode.git
2024-01-26 05:06:02.399 [info] ExtensionService#_doActivateExtension vscode.git, startup: true, activationEvent: '*'
2024-01-26 05:06:02.399 [info] ExtensionService#_doActivateExtension vscode.github, startup: true, activationEvent: '*'
2024-01-26 05:06:02.765 [info] Eager extensions activated
2024-01-26 05:06:02.766 [info] ExtensionService#_doActivateExtension vscode.debug-auto-launch, startup: false, activationEvent: 'onStartupFinished'
2024-01-26 05:06:02.766 [info] ExtensionService#_doActivateExtension vscode.merge-conflict, startup: false, activationEvent: 'onStartupFinished'
2024-01-26 05:06:20.004 [info] ExtensionService#_doActivateExtension vscode.npm, startup: false, activationEvent: 'onTerminalQuickFixRequest:ms-vscode.npm-command'
2024-01-26 05:23:27.495 [warning] [Decorations] CAPPING events from decorations provider vscode.git 1352
2024-01-26 05:23:27.838 [warning] [Decorations] CAPPING events from decorations provider vscode.git 1352
2024-01-26 05:23:29.972 [warning] [Decorations] CAPPING events from decorations provider vscode.git 1352
2024-01-26 05:23:37.402 [warning] [Decorations] CAPPING events from decorations provider vscode.git 1352
2024-01-26 05:23:42.462 [warning] [Decorations] CAPPING events from decorations provider vscode.git 1352
2024-01-26 05:23:47.514 [warning] [Decorations] CAPPING events from decorations provider vscode.git 1352
2024-01-26 05:23:52.563 [warning] [Decorations] CAPPING events from decorations provider vscode.git 1352
2024-01-26 05:23:57.613 [warning] [Decorations] CAPPING events from decorations provider vscode.git 1352
