2024-01-26 05:06:02.994 [info] Log level: Info
2024-01-26 05:06:02.994 [info] Validating found git in: "git"
2024-01-26 05:06:02.994 [info] Using git "2.40.1" from "git"
2024-01-26 05:06:02.994 [info] > git rev-parse --show-toplevel [17ms]
2024-01-26 05:06:02.994 [info] fatal: not a git repository (or any of the parent directories): .git
2024-01-26 05:06:02.994 [info] > git rev-parse --show-toplevel [7ms]
2024-01-26 05:06:02.994 [info] fatal: not a git repository (or any of the parent directories): .git
2024-01-26 05:06:02.994 [info] > git rev-parse --show-toplevel [2ms]
2024-01-26 05:06:02.994 [info] fatal: not a git repository (or any of the parent directories): .git
2024-01-26 05:06:02.994 [info] > git rev-parse --show-toplevel [2ms]
2024-01-26 05:06:02.994 [info] fatal: not a git repository (or any of the parent directories): .git
2024-01-26 05:06:02.994 [info] > git rev-parse --show-toplevel [26ms]
2024-01-26 05:06:02.994 [info] fatal: not a git repository (or any of the parent directories): .git
2024-01-26 05:06:02.996 [info] > git rev-parse --show-toplevel [53ms]
2024-01-26 05:06:02.996 [info] fatal: not a git repository (or any of the parent directories): .git
2024-01-26 05:06:11.954 [info] > git rev-parse --show-toplevel [1ms]
2024-01-26 05:06:11.954 [info] fatal: not a git repository (or any of the parent directories): .git
2024-01-26 05:23:27.399 [info] > git rev-parse --show-toplevel [2ms]
2024-01-26 05:23:27.406 [info] > git rev-parse --git-dir --git-common-dir [1ms]
2024-01-26 05:23:27.422 [info] Open repository: /home/ec2-user
2024-01-26 05:23:27.435 [info] No remotes found in the git config file.
2024-01-26 05:23:27.437 [info] > git config --get commit.template [7ms]
2024-01-26 05:23:27.437 [info] > git for-each-ref --format=%(refname)%00%(upstream:short)%00%(objectname)%00%(upstream:track)%00%(upstream:remotename)%00%(upstream:remoteref) refs/heads/master refs/remotes/master [3ms]
2024-01-26 05:23:27.459 [info] > git status -z -uall [17ms]
2024-01-26 05:23:27.757 [info] > git config --get commit.template [242ms]
2024-01-26 05:23:27.775 [info] No remotes found in the git config file.
2024-01-26 05:23:27.791 [info] > git for-each-ref --format=%(refname)%00%(upstream:short)%00%(objectname)%00%(upstream:track)%00%(upstream:remotename)%00%(upstream:remoteref) refs/heads/master refs/remotes/master [16ms]
2024-01-26 05:23:27.818 [info] > git status -z -uall [22ms]
2024-01-26 05:23:27.904 [info] > git show --textconv :Dockerfile [5ms]
2024-01-26 05:23:27.905 [info] > git ls-files --stage -- /home/ec2-user/Dockerfile [2ms]
2024-01-26 05:23:28.290 [info] > git check-ignore -v -z --stdin [1ms]
2024-01-26 05:23:29.927 [info] > git config --get commit.template [2ms]
2024-01-26 05:23:29.932 [info] No remotes found in the git config file.
2024-01-26 05:23:29.933 [info] > git for-each-ref --format=%(refname)%00%(upstream:short)%00%(objectname)%00%(upstream:track)%00%(upstream:remotename)%00%(upstream:remoteref) refs/heads/master refs/remotes/master [1ms]
2024-01-26 05:23:29.949 [info] > git status -z -uall [11ms]
2024-01-26 05:23:37.368 [info] No remotes found in the git config file.
2024-01-26 05:23:37.369 [info] > git config --get commit.template [6ms]
2024-01-26 05:23:37.370 [info] > git for-each-ref --format=%(refname)%00%(upstream:short)%00%(objectname)%00%(upstream:track)%00%(upstream:remotename)%00%(upstream:remoteref) refs/heads/master refs/remotes/master [2ms]
2024-01-26 05:23:37.386 [info] > git status -z -uall [11ms]
2024-01-26 05:23:42.426 [info] No remotes found in the git config file.
2024-01-26 05:23:42.428 [info] > git config --get commit.template [7ms]
2024-01-26 05:23:42.429 [info] > git for-each-ref --format=%(refname)%00%(upstream:short)%00%(objectname)%00%(upstream:track)%00%(upstream:remotename)%00%(upstream:remoteref) refs/heads/master refs/remotes/master [3ms]
2024-01-26 05:23:42.445 [info] > git status -z -uall [11ms]
2024-01-26 05:23:47.481 [info] No remotes found in the git config file.
2024-01-26 05:23:47.483 [info] > git config --get commit.template [6ms]
2024-01-26 05:23:47.483 [info] > git for-each-ref --format=%(refname)%00%(upstream:short)%00%(objectname)%00%(upstream:track)%00%(upstream:remotename)%00%(upstream:remoteref) refs/heads/master refs/remotes/master [2ms]
2024-01-26 05:23:47.498 [info] > git status -z -uall [10ms]
2024-01-26 05:23:52.532 [info] No remotes found in the git config file.
2024-01-26 05:23:52.533 [info] > git for-each-ref --format=%(refname)%00%(upstream:short)%00%(objectname)%00%(upstream:track)%00%(upstream:remotename)%00%(upstream:remoteref) refs/heads/master refs/remotes/master [1ms]
2024-01-26 05:23:52.534 [info] > git config --get commit.template [7ms]
2024-01-26 05:23:52.548 [info] > git status -z -uall [10ms]
2024-01-26 05:23:57.581 [info] No remotes found in the git config file.
2024-01-26 05:23:57.583 [info] > git config --get commit.template [7ms]
2024-01-26 05:23:57.583 [info] > git for-each-ref --format=%(refname)%00%(upstream:short)%00%(objectname)%00%(upstream:track)%00%(upstream:remotename)%00%(upstream:remoteref) refs/heads/master refs/remotes/master [2ms]
2024-01-26 05:23:57.598 [info] > git status -z -uall [10ms]
